1.355807,-0.306455,0.532747,0.222596
1.503935,-0.389081,0.637602,0.200958
-1.498349,1.268421,0.957170,0.255915
-1.290613,-1.467394,1.033432,-0.259711
-0.661907,-1.711177,1.219739,-0.199909
-0.407280,1.880385,1.245933,0.111780
-1.220525,-0.184676,0.373111,-0.194147
-1.071662,-1.623983,1.103884,-0.242862
1.022410,1.155679,1.051208,-0.416874
-1.436847,-1.786448,1.040792,-0.185837
0.534855,-0.324326,-0.181544,2.266247
-1.410536,0.460979,0.633532,0.268171
0.740441,-0.443648,0.366968,1.183447
-0.330341,-0.061307,-7.269713,-3.177796
-1.281732,-1.006769,0.910829,-0.365731
-1.333903,-1.027831,0.910109,-0.340992
0.364027,1.527516,1.361954,-0.182908
0.270067,0.663984,2.393694,-1.358536
1.809276,-0.257337,0.712446,0.083487
1.879298,-0.040002,0.717238,0.012043
0.017501,-1.842941,1.294346,0.005591
1.712394,-0.470353,0.727386,0.161980
1.784387,0.606462,0.776763,-0.171559
1.022188,1.009689,0.994044,-0.484380
0.155465,-1.207124,1.653039,0.171052
1.194269,-0.158750,0.334965,0.179977
0.629243,0.622708,0.986706,-1.275908
0.427703,-1.553293,1.330956,0.197214
1.931780,-1.926454,0.999629,0.134354
-1.404317,-1.745097,1.042632,-0.194691
-0.538625,0.670396,1.291315,1.320443
-0.598462,1.688162,1.242114,0.196337
1.102102,1.444632,1.080028,-0.292122
0.935745,0.219931,0.031035,-0.482089
0.151696,-1.026177,1.889564,0.268889
-0.691946,-0.277108,-0.302377,-1.242348
0.784500,1.947944,1.163469,-0.157159
1.109325,-1.243886,1.041038,0.357644
0.682783,0.274897,-0.330897,-1.278939
-1.167105,1.631388,1.080258,0.235222
0.238533,1.766232,1.303535,-0.083510
0.938544,0.150114,-0.051723,-0.345248
0.234511,-1.398342,1.470206,0.162281
1.517984,0.532773,0.698370,-0.241471
-0.283926,0.949794,1.850628,0.558489
-1.235548,-0.591939,0.666143,-0.415190
0.582305,0.473189,0.636680,-1.738656
-1.410960,0.490037,0.648255,0.277838
0.144119,-1.125342,1.751820,0.195785
0.862771,0.578906,0.648830,-0.857192
1.345437,1.641244,1.043554,-0.217717
-0.855197,1.546284,1.170235,0.271283
-0.234130,1.009296,1.836392,0.410125
-1.903417,-1.040621,0.885299,-0.178884
1.134489,-1.587778,1.085093,0.248430
-0.912677,1.519591,1.149517,0.280948
1.546549,-1.475822,0.989765,0.218585
-1.927797,1.401548,0.945708,0.167452
1.828279,1.068118,0.890470,-0.194294
0.871170,-1.216962,1.143916,0.422612
1.717926,-0.166464,0.670558,0.064449
1.448659,0.456558,0.644873,-0.248525
-1.361660,-1.853621,1.056525,-0.180387
-1.194915,1.206392,1.003317,0.346821
0.137687,0.665085,2.989577,-0.860734
-1.222714,1.177503,0.986933,0.346790
1.055842,-1.985399,1.110563,0.163968
0.487388,-0.440368,0.765764,2.305758
0.957730,0.693291,0.776584,-0.679569
0.054866,-1.892143,1.278609,0.016171
-0.188323,-1.578690,1.384509,-0.093062
-0.667377,1.052315,1.274561,0.582563
1.639801,-0.273037,0.657661,0.117252
0.948876,0.782065,0.873705,-0.649205
1.215787,1.693785,1.073599,-0.217951
1.903660,1.021811,0.881608,-0.178535
0.307771,-0.252628,-0.228799,6.186177
-0.920766,0.567606,0.616015,0.763587
-1.382888,0.134801,0.491760,0.100032
-0.199288,1.700722,1.331804,0.078844
1.536107,-0.854277,0.829239,0.274976
-0.449443,-0.955181,1.572043,-0.691417
1.705621,0.337476,0.694130,-0.125969
-0.186221,-0.571461,3.236690,-1.631060
0.913542,-0.973106,1.035413,0.560209
1.180842,-0.369480,0.463286,0.372314
-1.789266,1.517693,0.970364,0.179223
-0.306114,0.537706,2.333430,2.246240
0.177538,1.724781,1.325649,-0.067759
0.555543,-0.268210,-0.634254,2.057517
1.772296,0.018849,0.681740,-0.006770
1.134855,-0.556795,0.617023,0.494940
1.015253,1.313242,1.091397,-0.351236
-1.862363,1.395660,0.948169,0.177204
-0.878416,0.760915,0.894412,0.732838
1.898674,1.508067,0.961502,-0.165676
1.794899,-0.939218,0.861082,0.200200
0.168112,1.605988,1.375199,-0.079422
1.723519,0.979582,0.869806,-0.218614
0.578305,0.884021,1.359004,-0.821071
0.254246,1.957520,1.248123,-0.065560
0.673804,0.269349,-0.375804,-1.309067
-1.997145,-0.339958,0.770067,-0.080614
0.329438,-0.441808,1.939627,3.155683
-0.749070,0.693896,0.926773,0.956340
1.599286,1.169115,0.922681,-0.242792
-0.212924,0.886937,2.070930,0.545660
1.141036,1.190215,1.015515,-0.367513
1.872242,-1.301700,0.933023,0.180278
0.824517,-0.429903,0.337882,0.948234
1.299453,-1.332398,1.007228,0.288605
-0.858402,0.799600,0.948533,0.724805
-0.918714,1.989609,1.135033,0.158501
0.643572,1.515648,1.256137,-0.265369
1.670580,1.989896,1.025650,-0.145899
1.750477,1.509982,0.972546,-0.185093
-1.569734,1.928479,1.032827,0.158365
1.850453,-1.972188,1.008700,0.136453
-1.127737,1.009902,0.952041,0.433714
-1.983256,-0.707996,0.825477,-0.142802
0.848423,-1.754381,1.163499,0.206411
-0.344993,-1.214297,1.533792,-0.329950
0.644911,-1.425587,1.269681,0.306782
-1.805876,1.177834,0.913280,0.196870
-1.934837,0.014965,0.732924,0.004132
1.675951,1.710862,1.003594,-0.174305
1.634120,-0.060124,0.627032,0.027482
0.103412,0.098238,-1.482194,-49.083807
-0.693485,1.479531,1.239613,0.287868
1.385427,1.625372,1.034724,-0.216471
-0.115263,-0.886967,2.208466,-0.319500
-1.637039,1.691391,1.005893,0.180386
0.940457,-1.340137,1.126870,0.350842
0.854587,-1.159134,1.142588,0.460619
-1.238355,-1.315281,1.018446,-0.305865
-0.990379,-0.143455,0.042455,-0.283330
0.963928,0.603953,0.662894,-0.695441
1.524590,-1.216155,0.941564,0.256345
-1.746552,1.791029,1.004018,0.159739
-1.393963,-0.564481,0.682444,-0.307630
0.524714,0.017024,-2.620836,-0.235154
1.170125,1.027897,0.946875,-0.408802
1.809662,1.164417,0.910510,-0.196532
-1.972402,-1.282218,0.926665,-0.165134
-1.344323,-1.931698,1.062727,-0.169303
-0.713468,0.343793,0.006554,1.246907
-0.831941,-0.889745,1.045211,-0.672442
-0.725698,1.079992,1.223198,0.546872
0.141556,-1.662194,1.354157,0.060764
0.306535,-0.649670,2.232145,1.495759
-1.818855,1.105719,0.898405,0.195935
1.645327,-0.794189,0.813631,0.234570
-0.106263,0.011707,-84.510675,18.996466
-0.326916,-1.486899,1.391662,-0.180977
1.784373,0.160641,0.693461,-0.055643
0.745471,1.685442,1.198078,-0.217836
0.077626,1.511319,1.434359,-0.044739
-1.692858,-0.146045,0.658747,-0.059321
-1.016682,-1.090384,1.031440,-0.448828
-0.672613,0.694160,1.033759,1.069828
1.755923,-1.542655,0.976429,0.181524
-0.872217,-1.347804,1.158945,-0.353949
1.269169,-0.764823,0.787230,0.402665
-0.288266,1.448627,1.423454,0.175481
-0.610606,1.865703,1.209280,0.153421
1.451475,0.197458,0.550900,-0.124492
0.024822,1.535471,1.423812,-0.013706
1.035013,-0.643048,0.701644,0.603810
0.701437,-0.734586,1.044744,0.968308
-1.603128,-1.102404,0.905454,-0.246680
-1.798204,-1.638524,0.984333,-0.168239
-1.653485,0.443424,0.704564,0.170734
1.617824,-0.980462,0.870691,0.247713
1.481252,-0.179674,0.563865,0.107383
-1.779982,-0.033823,0.684717,-0.011986
-1.143454,-0.851303,0.858891,-0.471407
-1.372860,-1.731318,1.046683,-0.199435
-0.737042,0.277395,-0.212319,1.063091
0.570140,0.196255,-1.167742,-1.692828
-0.984387,0.085028,-0.009174,0.175641
-0.805361,-0.367970,0.165075,-0.964230
1.512253,-1.988021,1.042781,0.154464
-0.257725,-1.639768,1.345441,-0.111339
1.240117,-1.260957,1.005329,0.319659
-1.070292,1.904950,1.108944,0.178890
0.812165,0.078541,-0.474198,-0.287799
-1.872374,-1.977099,1.007333,-0.134668
-0.326499,-0.567109,2.172614,-2.019632
-0.365269,0.132794,-4.074548,4.250844
-0.903973,0.353636,0.220412,0.720147
-0.528409,-0.766178,1.410225,-1.079081
-0.829234,1.750682,1.168823,0.206192
0.994508,0.939701,0.969757,-0.533306
-1.575282,-0.722198,0.782676,-0.252294
0.807866,-0.798725,0.991193,0.774778
0.620681,-0.511583,0.704911,1.517234
-1.556684,-1.277970,0.951988,-0.241798
-1.020331,0.286495,0.239778,0.463445
0.827080,-1.219408,1.170348,0.427959
0.839353,0.432487,0.349001,-0.913354
1.314311,-1.926478,1.067070,0.171198
1.803349,1.294041,0.935006,-0.192292
-0.069421,-1.295553,1.590672,-0.063485
-0.826060,0.106283,-0.394684,0.364903
1.547649,0.575631,0.722381,-0.239668
1.552833,-0.626843,0.743331,0.247563
0.010671,-1.012699,1.974738,0.020546
-0.691507,0.990285,1.236109,0.643533
1.493020,-1.238887,0.950996,0.261119
0.155187,-0.704760,2.742596,0.806604
-0.876071,1.338669,1.156390,0.358033
1.509367,-1.758607,1.028237,0.184036
1.991471,-0.703471,0.825565,0.140805
1.892986,1.925263,1.002319,-0.137154
-0.623461,1.743106,1.225600,0.185058
1.403654,0.474158,0.637754,-0.276255
0.542665,0.926892,1.424287,-0.755920
-1.839823,1.591138,0.975627,0.167247
-1.114871,1.003345,0.953325,0.442058
0.622206,0.196990,-0.919977,-1.351062
1.725443,-0.352885,0.703481,0.126580
-0.020446,-0.598729,3.779724,-0.190098
-0.407040,-0.910411,1.670483,-0.749339
-0.156511,-0.902288,2.122758,-0.401610
0.693803,1.901154,1.186765,-0.157260
1.436924,-0.207599,0.544979,0.134278
1.556528,-0.278248,0.624801,0.138568
-1.810723,-1.831230,1.001698,-0.150772
-0.441496,0.483987,1.213595,2.320335
-1.690415,-1.278726,0.939439,-0.214188
-0.333241,0.078732,-6.627803,3.816095
1.453651,-0.841314,0.823402,0.307374
-1.384361,0.622848,0.712157,0.324746
0.693277,0.814198,1.139404,-0.863292
1.461021,0.809638,0.810002,-0.303904
1.594710,-1.810213,1.021664,0.170451
-1.037280,-1.333627,1.086230,-0.339546
-1.949183,-1.770339,0.986163,-0.143564
-0.113473,-0.405054,5.828740,-2.936485
-1.922866,1.452804,0.952962,0.165624
-0.899799,0.135221,-0.154510,0.354996
-0.674279,-0.150785,-0.895245,-0.892192
0.625373,-1.570490,1.254161,0.240562
-0.596813,-1.987319,1.193827,-0.127958
-0.538467,0.797791,1.403769,1.001083
0.278802,-1.960845,1.244826,0.071058
-0.991403,-0.647449,0.713257,-0.653044
-0.831396,1.131888,1.151649,0.483792
0.427300,0.849542,1.659281,-0.887821
1.622834,0.911831,0.849901,-0.246492
-0.243355,-0.591400,2.736996,-1.720998
-0.434455,1.323775,1.414976,0.305270
1.066228,0.217492,0.222971,-0.330753
-0.164299,1.282852,1.578534,0.150664
0.777010,-0.879931,1.089812,0.720101
-0.844109,-0.672405,0.808039,-0.836888
-0.949592,0.613842,0.678881,0.713180
-0.938210,1.362270,1.130321,0.341474
-0.877901,1.578252,1.161702,0.260493
1.400490,0.042923,0.491584,-0.031193
-1.637723,-1.998145,1.029414,-0.146903
0.923731,-1.414233,1.140856,0.320917
1.836223,-0.373405,0.737812,0.111233
1.015677,0.542741,0.580930,-0.626868
0.187680,-1.675283,1.343165,0.077867
-1.368454,0.791281,0.800362,0.346839
1.606146,-0.464212,0.697404,0.190854
-1.544076,-0.340676,0.637168,-0.168297
1.507701,0.322500,0.616140,-0.172088
-0.740033,0.597828,0.767754,1.080219
1.880319,0.574550,0.785495,-0.144587
-0.994871,-1.547805,1.122668,-0.268706
0.840360,-1.110355,1.140076,0.496320
0.404950,-1.397116,1.399352,0.252739
-0.102918,1.632919,1.370592,0.046902
-1.434577,1.863384,1.046241,0.174813
1.827611,-1.810648,0.998592,0.151083
1.312053,1.938324,1.067821,-0.169462
-0.124271,-1.147574,1.733136,-0.160672
1.658849,1.349511,0.955500,-0.214101
-1.720002,0.273434,0.686564,0.102238
1.964929,0.519082,0.789480,-0.119571
-0.124123,-1.927727,1.265772,-0.034368
1.371019,-0.421233,0.597744,0.272940
-1.820855,1.323631,0.939115,0.187708
1.362638,-1.364995,1.000466,0.268817
1.540742,0.005910,0.578765,-0.003231
-1.845674,0.566715,0.777962,0.150546
0.980480,0.835406,0.904318,-0.595038
-0.514231,1.951049,1.213727,0.121074
1.221046,-1.576865,1.062930,0.243414
-0.691834,-0.114819,-0.924321,-0.656765
-1.610907,0.450965,0.694591,0.185534
1.355393,0.978973,0.887560,-0.339588
0.295389,-1.856141,1.269099,0.087876
0.360283,0.245717,-0.919207,-4.894961
1.648310,0.684603,0.778456,-0.222392
0.470859,-0.268375,-0.734773,2.929083
0.841751,-0.247556,-0.092183,0.703207
-1.117569,0.504769,0.560351,0.498928
1.872696,1.172391,0.910509,-0.184274
-0.099058,1.335903,1.551174,0.082194
-1.573697,1.429940,0.978878,0.220167
-1.648713,-0.522491,0.726713,-0.192550
-0.185866,0.745951,2.494232,0.793969
1.393398,-0.287783,0.546437,0.195696
-0.402286,0.328056,0.253530,3.635219
-0.951086,-0.392565,0.330419,-0.666237
1.154658,0.365728,0.442636,-0.392445
1.123593,0.643143,0.697852,-0.514452
-0.919298,-1.696186,1.146664,-0.225099
-1.316400,0.693405,0.744500,0.372525
0.767449,0.239774,-0.271747,-0.880575
-0.285265,-1.969219,1.242193,-0.071674
-0.710464,0.708992,0.997956,0.992624
-1.228546,-1.271005,1.010871,-0.319838
-1.460844,-0.256332,0.572562,-0.154766
-1.421677,-1.817813,1.045247,-0.182239
-0.964819,-0.001401,-0.074269,-0.003120
1.242604,0.140290,0.376601,-0.142577
0.237149,-0.959558,1.905702,0.476819
-1.950491,0.756719,0.831313,0.154080
1.274377,-0.456846,0.578639,0.346647
0.148678,1.820444,1.295776,-0.048638
0.566805,0.407018,0.343776,-1.945953
1.586548,-1.169133,0.923751,0.245916
0.182640,0.273213,4.540601,-8.556700
-0.276413,-0.739068,2.211917,-1.053988
0.488068,0.986822,1.500753,-0.655739
-0.869677,-1.731409,1.159042,-0.213685
0.127037,-1.597071,1.384693,0.061591
-0.909955,-1.261301,1.130382,-0.392315
-1.842118,-1.675113,0.984717,-0.160580
-1.127384,-1.456385,1.073881,-0.285400
1.160908,1.208409,1.014276,-0.355844
-1.149836,0.336949,0.413621,0.375941
0.305309,-1.933978,1.248173,0.080360
-0.806198,0.542216,0.600532,0.981154
0.117038,1.496930,1.438165,-0.068939
-1.758564,-1.593463,0.982551,-0.176708
-1.953500,1.668421,0.976295,0.149654
-0.584581,-0.457229,0.562712,-1.762078
1.194268,0.446125,0.535415,-0.403379
1.436455,-1.905254,1.048330,0.168862
1.342052,0.344920,0.543724,-0.251117
0.893032,-1.275061,1.141049,0.387811
-0.711982,1.679701,1.208932,0.215916
-1.107223,-0.063852,0.192384,-0.093455
-0.213432,1.317081,1.532966,0.177396
-0.661530,1.822180,1.204125,0.170714
-0.982511,0.718657,0.795581,0.643146
0.251848,-1.341896,1.499939,0.194514
1.311150,0.218349,0.464545,-0.183424
1.686986,-1.680393,0.999310,0.176377
-0.440281,0.922943,1.601760,0.743281
-1.496364,1.911191,1.040722,0.164772
0.512203,0.394601,0.389914,-2.312813
-0.498165,1.481799,1.326080,0.247190
1.691708,-1.775916,1.008069,0.166034
-1.116090,0.544543,0.600928,0.511074
-1.934018,0.962910,0.870874,0.170956
-1.260015,-1.351461,1.020490,-0.292187
-1.371811,-1.541843,1.027311,-0.233195
1.703087,1.901354,1.016834,-0.152551
0.643887,0.067806,-1.333316,-0.496883
-1.435436,1.144574,0.933945,0.289242
-0.378085,-0.684145,1.870859,-1.385777
-0.655708,-1.635644,1.232856,-0.222449
-1.431190,0.413635,0.618896,0.240364
0.296550,-1.422916,1.433933,0.189088
-0.028805,0.734378,2.845629,0.145019
1.268172,-1.235254,0.991612,0.318959
-1.103730,-1.381266,1.070574,-0.312005
-0.715356,0.641804,0.883012,1.076319
0.645620,1.585490,1.244160,-0.238375
1.648113,1.174976,0.920419,-0.230752
-0.600833,1.779503,1.225457,0.171838
1.201477,1.480587,1.056634,-0.269158
-1.021525,-0.514569,0.545039,-0.614194
0.946908,-1.779164,1.137500,0.204204
1.398156,1.141076,0.938461,-0.300810
-0.190136,-0.564875,3.242038,-1.702339
-0.136276,1.785517,1.308239,0.047328
-0.715691,1.075163,1.231335,0.553022
-1.410982,0.767091,0.789196,0.325381
-0.683600,0.069630,-1.074509,0.426998
-0.183468,0.001172,-28.718870,0.379031
1.282927,-1.179099,0.972272,0.328192
-0.149719,-1.380155,1.506802,-0.111268
0.481924,0.770894,1.529954,-1.087664
0.279058,-1.106265,1.676306,0.364396
-1.456244,-1.923739,1.046627,-0.165331
-1.727696,1.722531,0.999497,0.168009
-1.115822,1.617151,1.091946,0.242186
-1.188333,-1.837827,1.085673,-0.190392
0.426773,1.215694,1.470206,-0.376545
1.127479,-1.343563,1.056421,0.320125
1.070345,1.004127,0.970394,-0.463326
-0.460849,1.651156,1.291100,0.176226
-0.036674,-1.128854,1.782248,-0.050883
1.373963,-1.306064,0.985910,0.277917
0.203470,1.482727,1.429946,-0.120267
-1.236183,-0.868260,0.851322,-0.412211
-0.856582,0.688582,0.822084,0.808549
0.170959,-0.943858,2.017783,0.381222
-0.933327,-0.553583,0.592801,-0.745211
0.597715,0.945192,1.342769,-0.722399
-1.891351,1.370836,0.942967,0.174170
-0.905175,-1.080626,1.088242,-0.495453
0.767063,-0.682036,0.889011,0.942648
0.241977,0.084129,-10.951346,-9.448703
-0.001746,-1.368072,1.534289,-0.001364
-1.332900,0.704781,0.752344,0.363538
1.771492,1.452364,0.962639,-0.186867
1.448190,-0.954836,0.869058,0.305455
1.473118,-1.511841,1.005823,0.224354
-1.046156,0.478676,0.506059,0.571697
-0.728701,0.163094,-0.622315,0.764439
1.057181,-0.747167,0.800840,0.562475
-1.943032,-0.150155,0.739823,-0.040453
1.273483,-1.636148,1.057104,0.225509
-0.506742,0.904231,1.485849,0.793878
-1.188399,0.979122,0.919310,0.413976
-0.950869,1.290313,1.115267,0.371791
0.024690,-0.379178,7.866675,0.898346
0.075949,-1.184556,1.703934,0.090642
1.711573,-1.332658,0.947903,0.206034
1.601473,-1.257214,0.942729,0.234340
1.336597,1.498551,1.028243,-0.246394
-1.753874,-1.217550,0.923309,-0.205527
1.880519,-1.657657,0.980033,0.157872
-0.147798,-1.302730,1.566960,-0.130327
0.205252,-0.489757,3.486642,2.528511
-1.180722,-1.589687,1.073688,-0.244146
0.129721,-1.543724,1.410836,0.069538
-1.803456,-0.093676,0.695016,-0.031769
0.829485,-1.090924,1.142334,0.513062
1.384847,-0.477195,0.632848,0.287117
-0.772273,0.984024,1.151906,0.620785
-0.637630,1.157316,1.306006,0.484161
-1.651857,-1.143865,0.912860,-0.231871
0.578947,1.731696,1.239634,-0.180395
0.219465,-0.420475,3.541853,3.647073
0.779288,-0.577293,0.690262,1.017066
0.088588,-1.272423,1.608727,0.085176
-1.591741,0.561532,0.726692,0.220243
1.074763,-1.365087,1.077741,0.322032
-0.460001,-0.298278,-0.357282,-3.037376
-1.105849,-1.776610,1.100817,-0.204890
0.082666,0.695623,2.980985,-0.477619
1.087239,-0.852608,0.875114,0.508719
1.943844,0.582654,0.797202,-0.133575
0.143273,1.961005,1.255913,-0.037596
-0.108964,1.441215,1.473259,0.071975
-1.972155,0.033962,0.743118,0.008850
-0.030054,1.371605,1.530778,0.023272
1.567761,0.835628,0.823356,-0.263030
-0.077338,-1.492119,1.445545,-0.046311
1.799265,-0.355529,0.725055,0.113070
-1.008543,-1.554541,1.118691,-0.265944
0.413616,-1.847926,1.252260,0.118882
-0.646026,1.289340,1.287850,0.385150
0.735161,1.142163,1.224466,-0.493346
1.512193,0.504773,0.685427,-0.236342
-1.686759,0.488286,0.725850,0.173238
1.505160,0.614642,0.729823,-0.264814
0.867728,0.357834,0.194869,-0.800082
-1.162648,0.499123,0.569758,0.452861
1.696242,0.909328,0.850562,-0.224837
0.627543,-0.384876,0.163527,1.644677
-0.572624,0.168752,-1.357633,1.521597
-0.958542,1.568950,1.135013,0.263217
1.350968,-0.670680,0.734257,0.350148
-0.754403,1.146933,1.210140,0.487243
1.852146,1.828908,0.998137,-0.147582
-1.604227,1.397563,0.969726,0.218826
1.263383,-0.803952,0.811127,0.403959
0.921309,0.611734,0.682724,-0.753565
1.900323,1.309928,0.933213,-0.175435
-0.893500,0.878205,0.989007,0.637015
-1.542902,-0.104986,0.585716,-0.056641
-0.084102,-0.021949,-114.629499,-64.444082
-0.213019,1.630275,1.357514,0.095053
-1.672858,-0.771153,0.808589,-0.224092
0.234654,-0.866383,2.071522,0.626405
1.878299,0.486468,0.767767,-0.128942
1.351741,-1.878146,1.059299,0.177090
-1.830118,1.363678,0.945097,0.183959
0.881796,1.773559,1.153858,-0.203232
-1.640918,-0.971716,0.867814,-0.241104
1.713314,-1.506160,0.975374,0.190577
-1.697708,-1.693559,0.999575,-0.173902
0.158833,-1.799281,1.301759,0.053695
-1.228193,-0.445151,0.550118,-0.375427
-1.427600,-1.702919,1.035348,-0.199404
0.464366,-1.227290,1.435300,0.384450
1.532809,1.456823,0.988641,-0.223333
-1.518387,1.980174,1.041671,0.155102
0.162610,-0.889088,2.144850,0.433291
1.765408,1.728462,0.996536,-0.163784
0.120768,0.064092,-28.967905,-44.261189
-1.504555,-1.124499,0.919733,-0.271828
-1.568215,0.965229,0.867148,0.263280
-1.967380,-1.390633,0.942516,-0.162408
-0.041483,-0.716585,2.927914,-0.223986
1.194255,0.776485,0.800049,-0.450421
-1.446761,0.180111,0.543892,0.115349
0.607119,0.765254,1.238366,-1.020533
-1.422669,1.983561,1.053812,0.158967
0.334921,-0.700110,2.041866,1.292676
-1.798915,-0.261302,0.709876,-0.086100
-1.363987,-1.771338,1.051127,-0.193434
-1.124939,-0.744488,0.785229,-0.505813
0.094101,1.633137,1.371218,-0.042922
0.759814,-1.066499,1.190494,0.551195
1.189784,0.838993,0.841580,-0.444416
-0.466987,-0.861991,1.568306,-0.871572
1.977775,-0.754834,0.833597,0.148674
0.553792,0.173718,-1.436732,-1.695434
1.208466,-0.872806,0.858531,0.427190
-0.139193,-1.914198,1.268622,-0.039275
0.508924,-1.538585,1.305666,0.227058
-1.970712,-1.576457,0.965523,-0.153180
-1.931939,-0.613231,0.801156,-0.140375
-1.062423,-1.576341,1.103853,-0.256508
0.058693,-1.494200,1.445830,0.035080
0.498577,0.361751,0.182496,-2.505350
0.878390,-1.573062,1.161616,0.262267
1.385827,0.454654,0.621265,-0.278476
0.166774,0.696690,2.737343,-0.882398
0.639962,-0.112222,-1.227581,0.805951
0.647225,-1.466923,1.262220,0.287324
1.694866,1.451482,0.969115,-0.198439
1.276400,-0.623607,0.695455,0.390882
1.218189,1.940010,1.082784,-0.171642
-0.149585,0.389259,5.270594,3.851476
1.794613,0.043938,0.690059,-0.015186
-0.180392,-0.891204,2.114278,-0.470384
-0.458635,0.966022,1.552772,0.677620
-0.023517,-1.284896,1.605094,-0.022158
-0.022898,-1.082253,1.852615,-0.036097
-0.019163,1.691864,1.349220,0.007912
1.416769,-0.183984,0.526312,0.125136
-0.268534,-0.026996,-12.456871,-2.731559
-0.773727,1.713253,1.187101,0.212293
1.412401,0.358485,0.586058,-0.224592
1.299842,0.955676,0.885425,-0.366701
-0.352617,1.911454,1.247267,0.094445
0.121155,1.664893,1.355084,-0.051955
-0.050928,0.855594,2.351581,0.161484
0.688777,-0.429695,0.332873,1.362765
-1.283512,-0.937118,0.879410,-0.377134
1.785621,0.840964,0.836506,-0.197894
0.655242,1.529945,1.249096,-0.261294
0.713748,1.643997,1.212570,-0.227449
0.903108,-1.736462,1.149886,0.213715
1.835396,0.655117,0.796203,-0.166724
1.555115,1.906880,1.033221,-0.161789
0.287486,1.677631,1.325478,-0.114927
1.477198,-1.053771,0.901146,0.287177
-0.769308,-1.083883,1.186792,-0.534343
0.144345,-1.955938,1.257157,0.038164
0.537391,0.980336,1.430362,-0.674508
-1.064028,1.739993,1.109541,0.213994
-0.291598,0.931816,1.861845,0.597981
1.330276,1.666497,1.048738,-0.214465
1.896312,-0.957224,0.868387,0.178304
0.295481,1.790872,1.287444,-0.097508
0.775819,0.917107,1.114881,-0.683426
0.742478,0.972474,1.176018,-0.644411
-1.091506,1.789114,1.104163,0.202446
1.499046,0.105976,0.561604,-0.062296
-0.024420,1.841252,1.294810,0.007822
1.117685,1.131858,1.004982,-0.395175
1.323575,1.715529,1.054042,-0.206028
-0.700140,-1.172896,1.254343,-0.471748
1.374221,1.069690,0.919082,-0.319653
-1.969226,-1.325961,0.933270,-0.164403
1.114040,0.211724,0.276554,-0.285278
-1.476961,-0.164223,0.558237,-0.099467
1.425265,0.915818,0.855217,-0.316911
-0.867546,0.753142,0.893574,0.750141
1.284865,0.530584,0.633289,-0.365126
1.995111,1.680395,0.975015,-0.144829
-0.476295,-1.618169,1.295410,-0.190401
-1.313916,0.967653,0.888576,0.358643
-1.186761,0.844882,0.845784,0.445250
0.031791,0.476405,5.347305,-0.582919
-1.166319,0.374376,0.458042,0.387883
-1.962470,-1.870731,0.993493,-0.135882
0.280091,-0.642976,2.384537,1.488829
-1.011658,1.047087,1.016235,0.471454
0.013296,-1.946205,1.263973,0.003607
-0.919846,0.514649,0.529081,0.767074
-1.284126,-1.311279,1.006212,-0.296809
-0.950666,1.543908,1.136937,0.271626
-1.856201,1.399787,0.949130,0.177887
-1.611462,0.644955,0.759735,0.229004
1.640787,0.639518,0.762593,-0.218213
-0.280462,-0.239308,-0.156908,-7.264917
-0.354750,0.429501,1.608926,3.164530
-0.132813,1.025813,1.903809,0.238034
0.815811,-1.859406,1.164239,0.178477
-1.627818,-1.765009,1.014005,-0.172893
-1.015105,1.891585,1.119955,0.180819
-1.487767,1.009848,0.885818,0.287437
-0.726383,0.725218,0.998492,0.949149
-1.929283,-1.182256,0.911327,-0.174028
-1.441611,1.522953,1.012470,0.227053
1.509510,1.074541,0.904645,-0.275217
1.476237,1.892688,1.042265,-0.168340
-0.747676,-1.948095,1.170695,-0.153660
-0.182853,-0.097014,-12.082417,-19.317176
-1.782749,0.690412,0.797760,0.184282
1.298500,-1.656347,1.053890,0.219229
0.045495,-0.212845,20.259766,8.635073
-1.716413,-1.699423,0.998295,-0.171397
-0.773984,-1.459465,1.205560,-0.303335
0.693319,-1.091055,1.254148,0.541767
0.202600,1.425333,1.463368,-0.134448
0.992170,0.217036,0.119076,-0.404754
-0.446290,-0.669754,1.594428,-1.424826
-0.747474,1.262295,1.223398,0.407439
-1.627308,0.273642,0.652955,0.120110
-1.877965,1.947424,1.004960,0.136537
-1.207471,-1.564116,1.064841,-0.247775
-0.960987,1.708830,1.135151,0.222317
-1.482828,-0.144783,0.558003,-0.087142
-1.533251,-1.051312,0.895721,-0.269896
1.786312,-1.411999,0.955464,0.187664
1.966114,-1.565947,0.964589,0.154271
0.725851,-0.019859,-0.893840,0.103699
-0.460930,-1.286255,1.413730,-0.340214
-1.002404,-0.419321,0.405286,-0.603078
-0.905645,-1.010707,1.059361,-0.539717
-0.320890,-1.071904,1.667359,-0.438912
0.849120,-1.225846,1.158085,0.421001
-0.637981,-0.059638,-1.393488,-0.451374
-1.236448,1.745939,1.072531,0.206089
0.650954,-1.045313,1.290906,0.591823
-1.766644,-0.779833,0.819304,-0.198131
-0.346063,-0.976708,1.723581,-0.586381
-1.004598,0.147991,0.071365,0.279657
-0.009326,-0.111207,80.077014,-13.406951
-0.766924,-0.455194,0.397802,-1.103639
-1.911115,-0.980275,0.873539,-0.176052
0.285286,0.916128,1.894117,-0.616684
-0.381750,-0.462697,1.528076,-2.728594
1.642309,-0.093999,0.632864,0.042164
-1.406012,0.336457,0.573374,0.216581
-0.864218,-0.469062,0.436455,-0.867201
-1.440929,1.706613,1.033601,0.197613
1.984043,1.404091,0.943703,-0.159628
-0.512332,-1.569352,1.296246,-0.216502
-0.083549,1.010013,1.960362,0.159985
0.600350,-0.729741,1.215862,1.098903
0.595586,-0.732715,1.229152,1.097939
1.640039,-0.589227,0.746007,0.209555
-0.873331,-0.354765,0.193400,-0.784801
-0.684942,-0.619218,0.882101,-1.166969
0.902235,-1.321204,1.142189,0.363894
-0.978018,1.665646,1.130598,0.234064
0.485392,-1.197383,1.429947,0.417135
1.027156,0.242381,0.196878,-0.401366
-1.539007,1.634077,1.011882,0.198106
1.222770,-0.068004,0.337346,0.073934
0.439812,-1.992429,1.217878,0.101118
1.371903,0.093178,0.475976,-0.071510
-0.057271,-0.712741,2.930723,-0.312325
-1.956824,0.552118,0.793777,0.126436
1.089418,0.279199,0.306806,-0.380274
0.673537,-1.478365,1.248643,0.285909
0.241409,1.476611,1.423436,-0.142259
1.607525,-1.632400,1.002926,0.190495
1.000295,-0.399999,0.375938,0.594089
1.481750,-1.561662,1.011325,0.215482
-0.312550,1.932171,1.247717,0.082296
-1.330812,0.124267,0.449919,0.103630
-1.558726,-1.327934,0.962108,-0.235461
-0.459309,0.923319,1.567250,0.749953
-0.237777,0.111206,-8.302803,11.135330
1.896927,1.361763,0.941346,-0.173761
0.997254,1.412140,1.111915,-0.315329
-0.879289,-1.033421,1.086977,-0.536144
-1.763204,0.592019,0.769504,0.174450
0.563614,-0.113119,-1.791867,1.167561
1.320511,-1.755941,1.057492,0.199028
-1.136015,0.767971,0.801802,0.493511
-1.567001,0.285211,0.631087,0.138891
0.687233,-1.197371,1.264650,0.453030
1.734880,1.692340,0.995775,-0.170194
0.859192,1.942709,1.149103,-0.163956
-1.314951,0.172357,0.450634,0.146530
0.098960,-0.529358,4.215104,1.245805
-1.700119,-0.164520,0.663596,-0.065722
-0.962692,-1.660568,1.134872,-0.235546
1.071558,-0.901798,0.912933,0.502328
-0.581732,0.712733,1.236729,1.157529
0.993102,1.737639,1.126714,-0.215100
0.988212,0.064951,-0.010839,-0.133447
1.349646,0.210540,0.489518,-0.163235
-0.600455,-1.975948,1.194828,-0.130457
-1.327505,1.125644,0.946041,0.325664
0.683259,0.314532,-0.149360,-1.342700
1.450888,1.480849,1.004756,-0.232618
-1.331552,-0.061813,0.439622,-0.052138
-0.825463,1.801771,1.166262,0.192814
-0.959353,1.270353,1.107982,0.379549
-0.696253,-0.150576,-0.794606,-0.814248
1.392353,0.170936,0.506922,-0.122918
0.773160,0.809980,1.037088,-0.796686
1.393963,-0.151931,0.503347,0.109561
1.184415,0.463222,0.545775,-0.419445
-1.960376,1.063937,0.890465,0.168535
-0.693903,1.420327,1.245963,0.315680
0.399927,-0.275405,-0.512349,3.961985
0.115309,-1.639166,1.366699,0.051849
1.686587,-1.884405,1.017271,0.155402
-0.725714,1.887897,1.181508,0.163741
-1.992067,0.870018,0.856172,0.155242
0.883088,1.509985,1.160229,-0.284836
-1.895420,0.299582,0.741672,0.083752
-0.558984,-1.943245,1.207196,-0.129956
-0.340803,-0.203376,-2.014083,-5.587064
-0.147169,-0.358763,5.734503,-4.670895
0.281809,1.508162,1.396148,-0.153404
1.390219,-1.335255,0.989150,0.268915
1.657491,-1.677136,1.002120,0.179842
0.922221,-1.221243,1.116864,0.410698
-0.655861,0.243435,-0.548455,1.333062
0.320762,1.539314,1.370803,-0.161554
-0.418808,0.917803,1.643888,0.742182
-0.824322,-0.361090,0.162833,-0.907561
-1.419897,1.810918,1.045050,0.183386
1.428617,1.314024,0.977860,-0.264495
0.687382,-0.748615,1.082430,0.964619
1.160363,-1.204686,1.013395,0.357184
-0.555803,-1.028190,1.400955,-0.612449
0.854693,1.645810,1.167246,-0.237854
0.210367,0.516614,3.299697,-2.245342
1.641368,0.527370,0.726515,-0.195970
0.977262,-1.112143,1.058662,0.452438
-0.936543,-1.605185,1.142478,-0.252062
-1.216424,-1.841112,1.080554,-0.188907
0.633018,1.289391,1.296413,-0.383473
1.606301,1.751258,1.015262,-0.176423
1.847378,0.815364,0.834728,-0.181184
-0.874823,-1.906988,1.148181,-0.172193
0.368260,-1.353593,1.438129,0.257456
-1.103886,0.060165,0.186629,0.088923
1.901018,-1.604162,0.972819,0.159322
1.907153,0.719598,0.819316,-0.158983
-0.236029,0.553587,2.911702,1.992448
0.252470,1.823133,1.284088,-0.080221
0.650217,0.569951,0.824807,-1.326033
1.379171,-1.859618,1.054157,0.178524
0.960761,0.733129,0.819252,-0.660384
0.454241,0.513961,1.261278,-2.109346
1.393588,-1.257971,0.971054,0.282241
0.130638,-0.262886,8.008588,9.251224
1.893628,0.194620,0.729807,-0.056131
-1.962026,1.340668,0.935645,0.164979
-1.094570,-1.827791,1.104008,-0.194222
1.190209,0.566497,0.637069,-0.446671
-0.960461,1.866652,1.131918,0.184635
-0.728586,0.463503,0.431696,1.214673
0.085368,-0.660107,3.182857,0.574259
-0.379645,-0.077917,-5.120028,-2.621851
1.395712,0.902983,0.851680,-0.330080
-0.142840,-1.863921,1.282813,-0.043603
1.614336,-0.941509,0.859020,0.249212
0.741257,0.982710,1.181321,-0.634596
-1.449943,1.409564,0.993096,0.244449
0.069475,1.565047,1.405860,-0.036105
-0.342067,0.099358,-5.655363,4.221355
0.525093,0.187319,-1.490979,-2.036203
0.529104,-1.589575,1.285214,0.213533
-1.855457,0.722681,0.814234,0.170585
-1.406345,0.925908,0.860599,0.324002
-0.080529,-1.212508,1.671248,-0.089560
0.712395,1.020376,1.222513,-0.606170
1.993385,0.028403,0.748490,-0.007169
0.275112,1.598194,1.358353,-0.127143
-0.982768,-1.361169,1.111643,-0.336762
-0.798625,-1.915762,1.163395,-0.164883
1.357832,0.929261,0.866263,-0.344318
0.694258,-1.851309,1.192721,0.168200
-1.953085,0.581756,0.798454,0.131756
1.034624,-0.818361,0.867670,0.559212
-1.322959,1.538442,1.036378,0.240155
-0.952061,0.392893,0.331663,0.664821
-0.988494,1.938379,1.124034,0.170965
1.199966,0.562706,0.635948,-0.437675
1.737397,-1.689543,0.995246,0.170201
-0.156662,-0.429055,4.665380,-3.088865
-1.988559,-1.722807,0.979418,-0.142984
1.141224,1.475140,1.072206,-0.278271
-1.617861,-1.752744,1.014045,-0.175198
-1.165486,1.629948,1.080540,0.235679
-0.585167,-1.877201,1.212831,-0.146971
0.715695,-0.603470,0.807272,1.124632
-1.160369,-1.552390,1.075368,-0.255324
1.462275,-0.397110,0.624279,0.220314
0.193953,-1.680396,1.340295,0.079616
1.597849,-0.532723,0.718028,0.211529
-1.769947,0.082703,0.682869,0.029701
-0.082246,-0.416335,6.135032,-2.111715
0.318997,-1.974888,1.237170,0.078672
-0.893302,-0.612087,0.692145,-0.795259
-0.536998,1.847444,1.228070,0.144824
-0.696601,0.800172,1.122384,0.880008
-0.774614,1.635315,1.193475,0.236313
0.597843,-1.405534,1.297304,0.308784
-0.742118,1.039536,1.199110,0.579746
-1.313232,-0.612791,0.694117,-0.364925
-0.562717,-0.250971,-0.760023,-1.959664
-0.794704,0.987505,1.133108,0.607989
-0.786301,-0.955085,1.125489,-0.641240
-0.957424,-1.690334,1.136255,-0.227264
-0.471700,0.259180,-0.850993,2.913726
0.055505,-1.282320,1.604731,0.052451
-1.616608,-0.430100,0.689897,-0.177573
0.539953,-0.714257,1.340149,1.200076
-0.451355,0.304201,-0.266628,3.128578
0.105514,1.472013,1.454449,-0.065488
-0.820963,-1.945906,1.156439,-0.160585
0.975739,1.128145,1.064784,-0.444791
0.247667,-0.924258,1.945840,0.546137
-1.819607,0.430146,0.744235,0.128079
-1.120979,1.538267,1.084547,0.262759
-1.505042,-1.385877,0.980339,-0.238092
-1.245039,1.771174,1.072234,0.200748
1.950625,1.887448,0.995533,-0.135660
-0.613330,1.120605,1.330276,0.516153
0.426531,0.504868,1.382463,-2.257134
-1.137578,0.696785,0.744687,0.500570
-0.015505,1.769106,1.319441,0.005600
-0.185898,-0.564177,3.278877,-1.684853
0.629916,1.867939,1.204782,-0.155838
0.677254,-1.215018,1.271796,0.439574
-1.624734,1.020760,0.882125,0.244701
0.865879,1.883444,1.151508,-0.176640
-0.990651,-1.416201,1.114797,-0.314487
0.403601,1.618787,1.317223,-0.168669
1.984635,0.695899,0.823420,-0.141192
0.421525,1.250382,1.457114,-0.347725
-1.770686,-1.685410,0.991748,-0.167134
-0.954707,-1.232910,1.102939,-0.398174
0.747942,0.800401,1.056411,-0.831383
1.074234,-1.247926,1.054870,0.364724
1.794489,-0.857759,0.841245,0.196714
-0.670452,-0.638585,0.943264,-1.165074
1.249696,1.105423,0.956154,-0.356547
0.863829,1.791882,1.157403,-0.197710
-0.450331,-1.131310,1.489957,-0.463518
1.764121,-1.923426,1.012661,0.146260
-1.335940,1.448816,1.020840,0.256635
0.495835,0.490019,0.975789,-2.057591
-0.496401,-1.122727,1.446577,-0.490859
1.387439,1.614850,1.033232,-0.218101
0.604268,1.435890,1.288057,-0.294628
0.444987,-1.494254,1.344362,0.225063
1.392657,-1.257365,0.971073,0.282577
-1.376575,-1.918774,1.057453,-0.169866
0.569098,-1.452593,1.301518,0.279100
-0.242738,-1.134732,1.677646,-0.303832
0.204054,-0.878677,2.103151,0.541600
0.513946,0.852931,1.471214,-0.891595
1.319178,1.067708,0.927648,-0.339571
1.003825,0.636916,0.698626,-0.640149
-1.758716,-1.019014,0.879625,-0.209988
-1.137881,-1.071505,0.975429,-0.408612
-1.563550,0.564105,0.721433,0.231082
-0.761945,1.786708,1.183479,0.191277
-1.949462,-0.652986,0.811146,-0.142503
0.677410,0.172125,-0.798775,-0.977127
0.394820,-1.153749,1.531492,0.412016
-1.884168,-1.514775,0.963245,-0.167102
1.312805,-1.366210,1.011102,0.278331
-1.193988,-0.104010,0.314306,-0.120373
-0.426096,0.596555,1.603570,1.760124
0.390141,-1.445376,1.385565,0.224507
-1.852780,-1.155075,0.907650,-0.188354
-1.051916,0.590992,0.642697,0.586657
-0.176835,0.943208,2.012122,0.393355
-1.291446,-0.706688,0.751238,-0.388612
1.061269,-0.421423,0.441986,0.526119
-1.986521,0.444945,0.781755,0.102929
-0.244620,-0.076810,-11.482582,-8.692102
0.424877,1.963436,1.225625,-0.102446
0.357505,1.647112,1.320339,-0.145936
1.769276,1.485111,0.967520,-0.184574
-1.373744,-0.098565,0.478216,-0.075261
-0.886458,-0.730133,0.854730,-0.744154
1.865696,1.816529,0.996063,-0.147427
1.578496,-0.374915,0.660664,0.170828
1.598320,-1.430488,0.975987,0.216017
-0.357177,-0.526157,1.912718,-2.298175
-1.428557,1.636599,1.028633,0.209956
-1.591422,-1.774291,1.019073,-0.174997
0.046315,-0.960886,2.075531,0.103929
-0.634621,-1.194758,1.305920,-0.452726
-1.993879,-0.528953,0.795904,-0.116486
1.100177,-0.845550,0.866354,0.501895
-0.911817,-1.313664,1.136769,-0.366370
1.806431,0.082159,0.695445,-0.027760
1.761857,-0.977436,0.869612,0.208996
-0.292122,-0.247571,-0.117630,-6.727478
-1.712228,0.148248,0.666479,0.058189
0.510385,0.128196,-2.182584,-1.706192
1.753686,0.033537,0.675195,-0.012427
0.966436,-1.973772,1.126969,0.163549
0.105239,-1.327607,1.556774,0.088831
1.124410,0.174346,0.263877,-0.233895
-0.876599,-1.237925,1.144321,-0.409956
-1.305413,-0.213697,0.458323,-0.182224
0.608652,-0.485077,0.631702,1.609191
1.158107,-0.483359,0.553423,0.451404
0.623659,-0.746829,1.188360,1.039376
-1.079629,-1.313663,1.067003,-0.339313
-1.678847,1.625525,0.994092,0.183026
1.649771,0.555636,0.737252,-0.199627
0.669768,-1.886469,1.193673,0.157359
-0.996563,1.020805,1.011811,0.491215
0.744477,1.653570,1.201586,-0.227667
1.951626,0.045858,0.737887,-0.012325
1.190788,-0.039874,0.297129,0.047123
1.237392,-0.007512,0.346957,0.007929
1.293444,-1.997516,1.072250,0.161126
0.901033,0.555277,0.598737,-0.797424
-1.625857,-1.187535,0.924954,-0.234999
-1.083927,1.390592,1.078527,0.311953
0.609258,0.128403,-1.360106,-1.040933
-1.783609,-0.868116,0.843210,-0.200005
1.359155,-1.860101,1.057254,0.179512
-1.603839,1.549466,0.993068,0.200960
0.681164,-0.327670,-0.092421,1.367399
-0.327788,-0.959995,1.768846,-0.594350
1.056274,-0.772182,0.822771,0.556579
-1.486798,1.045446,0.897593,0.284857
-0.756019,1.182919,1.213100,0.460477
1.802716,0.023803,0.692447,-0.008123
0.373411,1.213834,1.512818,-0.348503
0.612926,1.217914,1.320511,-0.432020
0.774857,-1.260790,1.206252,0.407390
0.029073,1.680250,1.353883,-0.012250
0.091187,0.138041,15.351560,-33.621005
-0.947449,0.254182,0.100329,0.520148
0.400940,1.753441,1.278373,-0.134330
-0.284675,0.191862,-2.183637,7.864277
1.314199,0.847016,0.831041,-0.372546
0.068092,-0.098421,25.675397,65.384610
0.875793,1.166358,1.131112,-0.451404
0.736320,1.499079,1.219139,-0.283727
1.959016,-0.464656,0.779587,0.110791
-1.371275,0.911598,0.857262,0.340069
-0.508790,-1.523832,1.309733,-0.232786
-0.020365,-0.706106,3.000611,-0.115510
1.227266,1.236280,1.002413,-0.329527
-0.653631,-1.367771,1.273354,-0.338585
-0.246431,1.299858,1.531665,0.209110
-0.649801,-0.564695,0.811847,-1.336110
1.636394,-1.789468,1.015168,0.169391
1.640841,1.825801,1.017658,-0.165008
-0.313442,-1.967159,1.239538,-0.078324
1.559354,-0.881966,0.839454,0.267032
-0.816891,-0.972207,1.106875,-0.610881
1.136702,1.066345,0.973736,-0.410822
0.566213,1.148249,1.371435,-0.484010
-1.250226,-0.656793,0.715500,-0.412858
-0.576365,0.902645,1.366835,0.790951
-1.481675,1.758091,1.032047,0.186436
1.184364,-1.136277,0.984624,0.370898
1.808177,-0.476910,0.751234,0.141035
0.106096,1.559220,1.405653,-0.055462
-1.090109,-1.366060,1.072649,-0.319229
0.797447,-0.528247,0.573721,1.006359
-0.631357,-1.022115,1.310156,-0.619551
-0.987746,0.260361,0.166140,0.472403
-1.271665,-1.130164,0.959434,-0.343104
-1.527668,1.124100,0.917306,0.265395
0.761366,-1.230610,1.213158,0.427328
-0.598174,-0.326375,-0.165485,-1.810920
-1.644555,0.071207,0.632325,0.031899
1.101519,-0.459654,0.506266,0.498935
1.233950,1.900151,1.079240,-0.177967
1.686128,-1.948929,1.021659,0.149006
0.296142,0.371701,1.989471,-4.315710
-1.158818,1.673996,1.084938,0.225801
1.431786,-0.127336,0.523618,0.085408
-0.057126,-0.503813,4.790715,-0.870991
-0.018262,0.222630,20.767083,3.267929
-1.954422,-1.524709,0.960402,-0.157856
1.825915,-0.157113,0.706636,0.050862
-1.313785,1.745985,1.058013,0.201252
-1.400518,-0.980940,0.883107,-0.321437
-1.050712,-0.657341,0.715251,-0.585417
-1.721760,-1.817324,1.008611,-0.159330
0.295422,0.812576,2.025349,-0.859143
-1.009525,0.716096,0.784247,0.616077